[debug] [2023-03-31T04:17:58.525Z] ----------------------------------------------------------------------
[debug] [2023-03-31T04:17:58.527Z] Command:       C:\Program Files\nodejs\node.exe C:\Users\Me\AppData\Roaming\npm\node_modules\firebase-tools\lib\bin\firebase.js init
[debug] [2023-03-31T04:17:58.527Z] CLI Version:   11.24.1
[debug] [2023-03-31T04:17:58.527Z] Platform:      win32
[debug] [2023-03-31T04:17:58.527Z] Node Version:  v16.13.0
[debug] [2023-03-31T04:17:58.529Z] Time:          Thu Mar 30 2023 23:17:58 GMT-0500 (Central Daylight Time)
[debug] [2023-03-31T04:17:58.529Z] ----------------------------------------------------------------------
[debug] 
[debug] [2023-03-31T04:17:58.533Z] >>> [apiv2][query] GET https://firebase-public.firebaseio.com/cli.json [none]
[debug] [2023-03-31T04:17:58.555Z] > command requires scopes: ["email","openid","https://www.googleapis.com/auth/cloudplatformprojects.readonly","https://www.googleapis.com/auth/firebase","https://www.googleapis.com/auth/cloud-platform"]
[debug] [2023-03-31T04:17:58.556Z] > authorizing via signed-in user (billy.ramm@yahoo.com)
[info] 
     ######## #### ########  ######## ########     ###     ######  ########
     ##        ##  ##     ## ##       ##     ##  ##   ##  ##       ##
     ######    ##  ########  ######   ########  #########  ######  ######
     ##        ##  ##    ##  ##       ##     ## ##     ##       ## ##
     ##       #### ##     ## ######## ########  ##     ##  ######  ########

You're about to initialize a Firebase project in this directory:

  C:\Users\Me\Documents\Projects\colorMemory\color-memory

[debug] [2023-03-31T04:17:58.729Z] <<< [apiv2][status] GET https://firebase-public.firebaseio.com/cli.json 200
[debug] [2023-03-31T04:17:58.730Z] <<< [apiv2][body] GET https://firebase-public.firebaseio.com/cli.json {"cloudBuildErrorAfter":1594252800000,"cloudBuildWarnAfter":1590019200000,"defaultNode10After":1594252800000,"minVersion":"3.0.5","node8DeploysDisabledAfter":1613390400000,"node8RuntimeDisabledAfter":1615809600000,"node8WarnAfter":1600128000000}
[info] 
=== Project Setup
[info] 
[info] First, let's associate this project directory with a Firebase project.
[info] You can create multiple project aliases by running firebase use --add, 
[info] but for now we'll just set up a default project.
[info] 
[info] i  If you want to create a project in a Google Cloud organization or folder, please use "firebase projects:create" instead, and return to this command when you've created the project. 
[debug] [2023-03-31T04:18:42.095Z] > refreshing access token with scopes: []
[debug] [2023-03-31T04:18:42.098Z] >>> [apiv2][query] POST https://www.googleapis.com/oauth2/v3/token [none]
[debug] [2023-03-31T04:18:42.098Z] >>> [apiv2][body] POST https://www.googleapis.com/oauth2/v3/token [omitted]
[debug] [2023-03-31T04:18:42.461Z] <<< [apiv2][status] POST https://www.googleapis.com/oauth2/v3/token 200
[debug] [2023-03-31T04:18:42.461Z] <<< [apiv2][body] POST https://www.googleapis.com/oauth2/v3/token [omitted]
[debug] [2023-03-31T04:18:42.473Z] >>> [apiv2][query] POST https://cloudresourcemanager.googleapis.com/v1/projects [none]
[debug] [2023-03-31T04:18:42.474Z] >>> [apiv2][body] POST https://cloudresourcemanager.googleapis.com/v1/projects {"projectId":"color-grid","name":"color-grid"}
[debug] [2023-03-31T04:18:42.763Z] <<< [apiv2][status] POST https://cloudresourcemanager.googleapis.com/v1/projects 409
[debug] [2023-03-31T04:18:42.763Z] <<< [apiv2][body] POST https://cloudresourcemanager.googleapis.com/v1/projects {"error":{"code":409,"message":"Requested entity already exists","status":"ALREADY_EXISTS"}}
[debug] [2023-03-31T04:18:42.900Z] FirebaseError: HTTP Error: 409, Requested entity already exists
    at responseToError (C:\Users\Me\AppData\Roaming\npm\node_modules\firebase-tools\lib\responseToError.js:49:12)
    at RetryOperation._fn (C:\Users\Me\AppData\Roaming\npm\node_modules\firebase-tools\lib\apiv2.js:288:77)
    at processTicksAndRejections (node:internal/process/task_queues:96:5)
[error] 
[error] Error: Failed to create project because there is already a project with ID color-grid. Please try again with a unique project ID.
[debug] [2023-03-31T04:18:58.721Z] ----------------------------------------------------------------------
[debug] [2023-03-31T04:18:58.723Z] Command:       C:\Program Files\nodejs\node.exe C:\Users\Me\AppData\Roaming\npm\node_modules\firebase-tools\lib\bin\firebase.js init
[debug] [2023-03-31T04:18:58.723Z] CLI Version:   11.24.1
[debug] [2023-03-31T04:18:58.723Z] Platform:      win32
[debug] [2023-03-31T04:18:58.723Z] Node Version:  v16.13.0
[debug] [2023-03-31T04:18:58.725Z] Time:          Thu Mar 30 2023 23:18:58 GMT-0500 (Central Daylight Time)
[debug] [2023-03-31T04:18:58.725Z] ----------------------------------------------------------------------
[debug] 
[debug] [2023-03-31T04:18:58.733Z] > command requires scopes: ["email","openid","https://www.googleapis.com/auth/cloudplatformprojects.readonly","https://www.googleapis.com/auth/firebase","https://www.googleapis.com/auth/cloud-platform"]
[debug] [2023-03-31T04:18:58.733Z] > authorizing via signed-in user (billy.ramm@yahoo.com)
[info] 
     ######## #### ########  ######## ########     ###     ######  ########
     ##        ##  ##     ## ##       ##     ##  ##   ##  ##       ##
     ######    ##  ########  ######   ########  #########  ######  ######
     ##        ##  ##    ##  ##       ##     ## ##     ##       ## ##
     ##       #### ##     ## ######## ########  ##     ##  ######  ########

You're about to initialize a Firebase project in this directory:

  C:\Users\Me\Documents\Projects\colorMemory\color-memory

[info] 
=== Project Setup
[info] 
[info] First, let's associate this project directory with a Firebase project.
[info] You can create multiple project aliases by running firebase use --add, 
[info] but for now we'll just set up a default project.
[info] 
[info] i  If you want to create a project in a Google Cloud organization or folder, please use "firebase projects:create" instead, and return to this command when you've created the project. 
[debug] [2023-03-31T04:19:30.069Z] >>> [apiv2][query] POST https://cloudresourcemanager.googleapis.com/v1/projects [none]
[debug] [2023-03-31T04:19:30.069Z] >>> [apiv2][body] POST https://cloudresourcemanager.googleapis.com/v1/projects {"projectId":"color-grid-recall","name":"color-grid-recall"}
[debug] [2023-03-31T04:19:30.438Z] <<< [apiv2][status] POST https://cloudresourcemanager.googleapis.com/v1/projects 200
[debug] [2023-03-31T04:19:30.438Z] <<< [apiv2][body] POST https://cloudresourcemanager.googleapis.com/v1/projects {"name":"operations/cp.8094029133775982609"}
[debug] [2023-03-31T04:19:30.439Z] >>> [apiv2][query] GET https://cloudresourcemanager.googleapis.com/v1/operations/cp.8094029133775982609 [none]
[debug] [2023-03-31T04:19:30.983Z] <<< [apiv2][status] GET https://cloudresourcemanager.googleapis.com/v1/operations/cp.8094029133775982609 200
[debug] [2023-03-31T04:19:30.983Z] <<< [apiv2][body] GET https://cloudresourcemanager.googleapis.com/v1/operations/cp.8094029133775982609 {"name":"operations/cp.8094029133775982609","metadata":{"@type":"type.googleapis.com/google.cloudresourcemanager.v1.ProjectCreationStatus","ready":true},"done":true,"error":{"code":8,"message":"The project cannot be created because you have exceeded your allotted project quota.","details":[{"@type":"type.googleapis.com/google.rpc.QuotaFailure","violations":[{"description":"The project cannot be created because you have exceeded your allotted project quota."}]}]}}
[debug] [2023-03-31T04:19:31.107Z] FirebaseError: The project cannot be created because you have exceeded your allotted project quota.
    at OperationPoller.poll (C:\Users\Me\AppData\Roaming\npm\node_modules\firebase-tools\lib\operation-poller.js:24:19)
    at processTicksAndRejections (node:internal/process/task_queues:96:5)
    at async createCloudProject (C:\Users\Me\AppData\Roaming\npm\node_modules\firebase-tools\lib\management\projects.js:186:29)
    at async createFirebaseProjectAndLog (C:\Users\Me\AppData\Roaming\npm\node_modules\firebase-tools\lib\management\projects.js:45:9)
    at async promptAndCreateNewProject (C:\Users\Me\AppData\Roaming\npm\node_modules\firebase-tools\lib\init\features\project.js:32:12)
    at async doSetup (C:\Users\Me\AppData\Roaming\npm\node_modules\firebase-tools\lib\init\features\project.js:88:27)
    at async init (C:\Users\Me\AppData\Roaming\npm\node_modules\firebase-tools\lib\init\index.js:36:9)
[error] 
[error] Error: Failed to create project. See firebase-debug.log for more info.
